2024-06-03T08:12:09.491+08:00  INFO 3384 --- [restartedMain] cn.zwz.ZwzApplication                    : Starting ZwzApplication using Java 17.0.4.1 with PID 3384 (D:\S007yuanm\back\target\classes started by 86156 in D:\S007yuanm\back)
2024-06-03T08:12:09.506+08:00  INFO 3384 --- [restartedMain] cn.zwz.ZwzApplication                    : No active profile set, falling back to 1 default profile: "default"
2024-06-03T08:12:09.617+08:00  INFO 3384 --- [restartedMain] .e.DevToolsPropertyDefaultsPostProcessor : Devtools property defaults active! Set 'spring.devtools.add-properties' to 'false' to disable
2024-06-03T08:12:09.618+08:00  INFO 3384 --- [restartedMain] .e.DevToolsPropertyDefaultsPostProcessor : For additional web related logging consider setting the 'logging.level.web' property to 'DEBUG'
2024-06-03T08:12:12.247+08:00  INFO 3384 --- [restartedMain] .s.d.r.c.RepositoryConfigurationDelegate : Multiple Spring Data modules found, entering strict repository configuration mode
2024-06-03T08:12:12.251+08:00  INFO 3384 --- [restartedMain] .s.d.r.c.RepositoryConfigurationDelegate : Bootstrapping Spring Data JPA repositories in DEFAULT mode.
2024-06-03T08:12:13.053+08:00  INFO 3384 --- [restartedMain] .s.d.r.c.RepositoryConfigurationDelegate : Finished Spring Data repository scanning in 789 ms. Found 1 JPA repository interfaces.
2024-06-03T08:12:13.076+08:00  INFO 3384 --- [restartedMain] .s.d.r.c.RepositoryConfigurationDelegate : Multiple Spring Data modules found, entering strict repository configuration mode
2024-06-03T08:12:13.078+08:00  INFO 3384 --- [restartedMain] .s.d.r.c.RepositoryConfigurationDelegate : Bootstrapping Spring Data Redis repositories in DEFAULT mode.
2024-06-03T08:12:13.133+08:00  INFO 3384 --- [restartedMain] .RepositoryConfigurationExtensionSupport : Spring Data Redis - Could not safely identify store assignment for repository candidate interface cn.zwz.data.dao.LogDao; If you want this repository to be a Redis repository, consider annotating your entities with one of these annotations: org.springframework.data.redis.core.RedisHash (preferred), or consider extending one of the following types with your repository: org.springframework.data.keyvalue.repository.KeyValueRepository
2024-06-03T08:12:13.134+08:00  INFO 3384 --- [restartedMain] .s.d.r.c.RepositoryConfigurationDelegate : Finished Spring Data repository scanning in 38 ms. Found 0 Redis repository interfaces.
2024-06-03T08:12:13.450+08:00  INFO 3384 --- [restartedMain] faultConfiguringBeanFactoryPostProcessor : No bean named 'errorChannel' has been explicitly defined. Therefore, a default PublishSubscribeChannel will be created.
2024-06-03T08:12:13.467+08:00  INFO 3384 --- [restartedMain] faultConfiguringBeanFactoryPostProcessor : No bean named 'integrationHeaderChannelRegistry' has been explicitly defined. Therefore, a default DefaultHeaderChannelRegistry will be created.
2024-06-03T08:12:14.401+08:00  INFO 3384 --- [restartedMain] trationDelegate$BeanPostProcessorChecker : Bean 'redisExceptionThrowsConfig' of type [cn.zwz.basics.redis.RedisExceptionThrowsConfig$$SpringCGLIB$$0] is not eligible for getting processed by all BeanPostProcessors (for example: not eligible for auto-proxying)
2024-06-03T08:12:15.231+08:00  INFO 3384 --- [restartedMain] o.s.b.w.embedded.tomcat.TomcatWebServer  : Tomcat initialized with port(s): 8081 (http)
2024-06-03T08:12:15.248+08:00  INFO 3384 --- [restartedMain] o.apache.catalina.core.StandardService   : Starting service [Tomcat]
2024-06-03T08:12:15.249+08:00  INFO 3384 --- [restartedMain] o.apache.catalina.core.StandardEngine    : Starting Servlet engine: [Apache Tomcat/10.1.8]
2024-06-03T08:12:15.528+08:00  INFO 3384 --- [restartedMain] o.a.c.c.C.[Tomcat].[localhost].[/]       : Initializing Spring embedded WebApplicationContext
2024-06-03T08:12:15.529+08:00  INFO 3384 --- [restartedMain] w.s.c.ServletWebServerApplicationContext : Root WebApplicationContext: initialization completed in 5909 ms
2024-06-03T08:12:16.012+08:00  INFO 3384 --- [restartedMain] org.redisson.Version                     : Redisson 3.21.3
2024-06-03T08:12:16.873+08:00  INFO 3384 --- [redisson-netty-2-4] o.r.c.pool.MasterPubSubConnectionPool    : 1 connections initialized for 127.0.0.1/127.0.0.1:6379
2024-06-03T08:12:16.996+08:00  INFO 3384 --- [redisson-netty-2-19] o.r.c.pool.MasterConnectionPool          : 24 connections initialized for 127.0.0.1/127.0.0.1:6379
2024-06-03T08:12:17.264+08:00  INFO 3384 --- [restartedMain] c.z.basics.baseClass.BeansConfiguration  : 初始化PathMatcher成功
2024-06-03T08:12:19.022+08:00  INFO 3384 --- [restartedMain] o.hibernate.jpa.internal.util.LogHelper  : HHH000204: Processing PersistenceUnitInfo [name: default]
2024-06-03T08:12:19.133+08:00  INFO 3384 --- [restartedMain] org.hibernate.Version                    : HHH000412: Hibernate ORM core version 6.2.2.Final
2024-06-03T08:12:19.137+08:00  INFO 3384 --- [restartedMain] org.hibernate.cfg.Environment            : HHH000406: Using bytecode reflection optimizer
2024-06-03T08:12:19.425+08:00  INFO 3384 --- [restartedMain] o.h.b.i.BytecodeProviderInitiator        : HHH000021: Bytecode provider name : bytebuddy
2024-06-03T08:12:19.674+08:00  INFO 3384 --- [restartedMain] o.s.o.j.p.SpringPersistenceUnitInfo      : No LoadTimeWeaver setup: ignoring JPA class transformer
2024-06-03T08:12:19.780+08:00  INFO 3384 --- [restartedMain] com.alibaba.druid.pool.DruidDataSource   : {dataSource-1} inited
2024-06-03T08:12:20.090+08:00  INFO 3384 --- [restartedMain] org.hibernate.orm.dialect                : HHH035001: Using dialect: org.hibernate.dialect.MySQLDialect, version: 5.7
2024-06-03T08:12:20.548+08:00  INFO 3384 --- [restartedMain] o.h.b.i.BytecodeProviderInitiator        : HHH000021: Bytecode provider name : bytebuddy
2024-06-03T08:12:22.195+08:00  INFO 3384 --- [restartedMain] o.h.e.t.j.p.i.JtaPlatformInitiator       : HHH000490: Using JtaPlatform implementation: [org.hibernate.engine.transaction.jta.platform.internal.NoJtaPlatform]
2024-06-03T08:12:23.838+08:00  INFO 3384 --- [restartedMain] j.LocalContainerEntityManagerFactoryBean : Initialized JPA EntityManagerFactory for persistence unit 'default'
2024-06-03T08:12:25.827+08:00  INFO 3384 --- [restartedMain] c.z.basics.baseClass.BeansConfiguration  : 初始化线程池成功
2024-06-03T08:12:25.927+08:00  WARN 3384 --- [restartedMain] JpaBaseConfiguration$JpaWebConfiguration : spring.jpa.open-in-view is enabled by default. Therefore, database queries may be performed during view rendering. Explicitly configure spring.jpa.open-in-view to disable this warning
2024-06-03T08:12:27.232+08:00  INFO 3384 --- [restartedMain] o.s.b.a.e.web.EndpointLinksResolver      : Exposing 1 endpoint(s) beneath base path '/actuator'
2024-06-03T08:12:27.442+08:00  INFO 3384 --- [restartedMain] o.s.s.web.DefaultSecurityFilterChain     : Will secure any request with [org.springframework.security.web.session.DisableEncodeUrlFilter@63b8c050, org.springframework.security.web.context.request.async.WebAsyncManagerIntegrationFilter@3fad2da5, org.springframework.security.web.context.SecurityContextHolderFilter@3038f15a, org.springframework.security.web.header.HeaderWriterFilter@7bc43345, org.springframework.web.filter.CorsFilter@7a81e41, org.springframework.security.web.authentication.logout.LogoutFilter@518889cc, cn.zwz.basics.security.jwt.JwtTokenOncePerRequestFilter@195e4eef, cn.zwz.basics.security.validate.ImageValidateFilter$$SpringCGLIB$$0@425285de, org.springframework.security.web.authentication.UsernamePasswordAuthenticationFilter@6856a31, org.springframework.security.web.savedrequest.RequestCacheAwareFilter@11b8ff2c, org.springframework.security.web.servletapi.SecurityContextHolderAwareRequestFilter@5506bfb7, org.springframework.security.web.authentication.AnonymousAuthenticationFilter@52c201f4, org.springframework.security.web.session.SessionManagementFilter@5c783cf7, org.springframework.security.web.access.ExceptionTranslationFilter@3cc36a74, org.springframework.security.web.access.intercept.AuthorizationFilter@37f4c2cd]
2024-06-03T08:12:28.775+08:00  INFO 3384 --- [restartedMain] o.s.b.d.a.OptionalLiveReloadServer       : LiveReload server is running on port 35729
2024-06-03T08:12:29.215+08:00  INFO 3384 --- [restartedMain] o.s.i.endpoint.EventDrivenConsumer       : Adding {logging-channel-adapter:_org.springframework.integration.errorLogger} as a subscriber to the 'errorChannel' channel
2024-06-03T08:12:29.217+08:00  INFO 3384 --- [restartedMain] o.s.i.channel.PublishSubscribeChannel    : Channel 'application.errorChannel' has 1 subscriber(s).
2024-06-03T08:12:29.217+08:00  INFO 3384 --- [restartedMain] o.s.i.endpoint.EventDrivenConsumer       : started bean '_org.springframework.integration.errorLogger'
2024-06-03T08:12:29.245+08:00  INFO 3384 --- [restartedMain] o.s.b.w.embedded.tomcat.TomcatWebServer  : Tomcat started on port(s): 8081 (http) with context path ''
2024-06-03T08:12:29.308+08:00  INFO 3384 --- [restartedMain] cn.zwz.ZwzApplication                    : Started ZwzApplication in 20.598 seconds (process running for 22.947)
2024-06-03T08:18:10.302+08:00  INFO 3384 --- [http-nio-8081-exec-1] o.a.c.c.C.[Tomcat].[localhost].[/]       : Initializing Spring DispatcherServlet 'dispatcherServlet'
2024-06-03T08:18:10.302+08:00  INFO 3384 --- [http-nio-8081-exec-1] o.s.web.servlet.DispatcherServlet        : Initializing Servlet 'dispatcherServlet'
2024-06-03T08:18:10.306+08:00  INFO 3384 --- [http-nio-8081-exec-1] o.s.web.servlet.DispatcherServlet        : Completed initialization in 4 ms
2024-06-03T08:41:53.056+08:00  INFO 3384 --- [SpringApplicationShutdownHook] o.s.b.w.e.tomcat.GracefulShutdown        : Commencing graceful shutdown. Waiting for active requests to complete
2024-06-03T08:41:53.099+08:00  INFO 3384 --- [tomcat-shutdown] o.s.b.w.e.tomcat.GracefulShutdown        : Graceful shutdown complete
2024-06-03T08:41:53.153+08:00  INFO 3384 --- [SpringApplicationShutdownHook] o.s.i.endpoint.EventDrivenConsumer       : Removing {logging-channel-adapter:_org.springframework.integration.errorLogger} as a subscriber to the 'errorChannel' channel
2024-06-03T08:41:53.154+08:00  INFO 3384 --- [SpringApplicationShutdownHook] o.s.i.channel.PublishSubscribeChannel    : Channel 'application.errorChannel' has 0 subscriber(s).
2024-06-03T08:41:53.154+08:00  INFO 3384 --- [SpringApplicationShutdownHook] o.s.i.endpoint.EventDrivenConsumer       : stopped bean '_org.springframework.integration.errorLogger'
2024-06-03T08:41:53.173+08:00  INFO 3384 --- [SpringApplicationShutdownHook] j.LocalContainerEntityManagerFactoryBean : Closing JPA EntityManagerFactory for persistence unit 'default'
2024-06-03T08:41:53.182+08:00  INFO 3384 --- [SpringApplicationShutdownHook] com.alibaba.druid.pool.DruidDataSource   : {dataSource-1} closing ...
2024-06-03T08:41:53.193+08:00  INFO 3384 --- [SpringApplicationShutdownHook] com.alibaba.druid.pool.DruidDataSource   : {dataSource-1} closed
